# JRE version: Java(TM) SE Runtime Environment (8.0-b132) (build 1.8.0-b132)
# Java VM: Java HotSpot(TM) 64-Bit Server VM (25.0-b70 mixed mode bsd-amd64 compressed oops)
Heap:
 PSYoungGen      total 5120K, used 4113K [0x0000000795580000, 0x0000000795e00000, 0x00000007c0000000)
  eden space 4096K, 89% used [0x0000000795580000,0x00000007959144b0,0x0000000795980000)
  from space 1024K, 43% used [0x0000000795980000,0x00000007959f0000,0x0000000795a80000)
  to   space 1024K, 0% used [0x0000000795d00000,0x0000000795d00000,0x0000000795e00000)
 ParOldGen       total 129536K, used 1565K [0x0000000740000000, 0x0000000747e80000, 0x0000000795580000)
  object space 129536K, 1% used [0x0000000740000000,0x0000000740187438,0x0000000747e80000)
 Metaspace       used 7438K, capacity 7574K, committed 7808K, reserved 1056768K
  class space    used 820K, capacity 863K, committed 896K, reserved 1048576K
GC Heap History (10 events):
Event: 1.281 GC heap before
{Heap before GC invocations=5 (full 0):
 PSYoungGen      total 1536K, used 1520K [0x0000000795580000, 0x0000000795780000, 0x00000007c0000000)
  eden space 1024K, 100% used [0x0000000795580000,0x0000000795680000,0x0000000795680000)
  from space 512K, 96% used [0x0000000795700000,0x000000079577c010,0x0000000795780000)
  to   space 512K, 0% used [0x0000000795680000,0x0000000795680000,0x0000000795700000)
 ParOldGen       total 129536K, used 480K [0x0000000740000000, 0x0000000747e80000, 0x0000000795580000)
  object space 129536K, 0% used [0x0000000740000000,0x0000000740078040,0x0000000747e80000)
 Metaspace       used 5068K, capacity 5164K, committed 5248K, reserved 1056768K
  class space    used 552K, capacity 580K, committed 640K, reserved 1048576K
Event: 1.285 GC heap after
Heap after GC invocations=5 (full 0):
 PSYoungGen      total 1536K, used 496K [0x0000000795580000, 0x0000000795980000, 0x00000007c0000000)
  eden space 1024K, 0% used [0x0000000795580000,0x0000000795580000,0x0000000795680000)
  from space 512K, 96% used [0x0000000795680000,0x00000007956fc010,0x0000000795700000)
  to   space 1024K, 0% used [0x0000000795880000,0x0000000795880000,0x0000000795980000)
 ParOldGen       total 129536K, used 888K [0x0000000740000000, 0x0000000747e80000, 0x0000000795580000)
  object space 129536K, 0% used [0x0000000740000000,0x00000007400de070,0x0000000747e80000)
 Metaspace       used 5068K, capacity 5164K, committed 5248K, reserved 1056768K
  class space    used 552K, capacity 580K, committed 640K, reserved 1048576K
}
Event: 1.359 GC heap before
{Heap before GC invocations=6 (full 0):
 PSYoungGen      total 1536K, used 1520K [0x0000000795580000, 0x0000000795980000, 0x00000007c0000000)
  eden space 1024K, 100% used [0x0000000795580000,0x0000000795680000,0x0000000795680000)
  from space 512K, 96% used [0x0000000795680000,0x00000007956fc010,0x0000000795700000)
  to   space 1024K, 0% used [0x0000000795880000,0x0000000795880000,0x0000000795980000)
 ParOldGen       total 129536K, used 888K [0x0000000740000000, 0x0000000747e80000, 0x0000000795580000)
  object space 129536K, 0% used [0x0000000740000000,0x00000007400de070,0x0000000747e80000)
 Metaspace       used 5390K, capacity 5524K, committed 5760K, reserved 1056768K
  class space    used 595K, capacity 632K, committed 640K, reserved 1048576K
Event: 1.361 GC heap after
Heap after GC invocations=6 (full 0):
 PSYoungGen      total 3072K, used 736K [0x0000000795580000, 0x0000000795980000, 0x00000007c0000000)
  eden space 2048K, 0% used [0x0000000795580000,0x0000000795580000,0x0000000795780000)
  from space 1024K, 71% used [0x0000000795880000,0x0000000795938000,0x0000000795980000)
  to   space 1024K, 0% used [0x0000000795780000,0x0000000795780000,0x0000000795880000)
 ParOldGen       total 129536K, used 896K [0x0000000740000000, 0x0000000747e80000, 0x0000000795580000)
  object space 129536K, 0% used [0x0000000740000000,0x00000007400e0070,0x0000000747e80000)
 Metaspace       used 5390K, capacity 5524K, committed 5760K, reserved 1056768K
  class space    used 595K, capacity 632K, committed 640K, reserved 1048576K
}
Event: 1.601 GC heap before
{Heap before GC invocations=7 (full 0):
 PSYoungGen      total 3072K, used 2784K [0x0000000795580000, 0x0000000795980000, 0x00000007c0000000)
  eden space 2048K, 100% used [0x0000000795580000,0x0000000795780000,0x0000000795780000)
  from space 1024K, 71% used [0x0000000795880000,0x0000000795938000,0x0000000795980000)
  to   space 1024K, 0% used [0x0000000795780000,0x0000000795780000,0x0000000795880000)
 ParOldGen       total 129536K, used 896K [0x0000000740000000, 0x0000000747e80000, 0x0000000795580000)
  object space 129536K, 0% used [0x0000000740000000,0x00000007400e0070,0x0000000747e80000)
 Metaspace       used 7149K, capacity 7266K, committed 7552K, reserved 1056768K
  class space    used 799K, capacity 827K, committed 896K, reserved 1048576K
Event: 1.605 GC heap after
Heap after GC invocations=7 (full 0):
 PSYoungGen      total 3072K, used 704K [0x0000000795580000, 0x0000000795b80000, 0x00000007c0000000)
  eden space 2048K, 0% used [0x0000000795580000,0x0000000795580000,0x0000000795780000)
  from space 1024K, 68% used [0x0000000795780000,0x0000000795830000,0x0000000795880000)
  to   space 1024K, 0% used [0x0000000795a80000,0x0000000795a80000,0x0000000795b80000)
 ParOldGen       total 129536K, used 1136K [0x0000000740000000, 0x0000000747e80000, 0x0000000795580000)
  object space 129536K, 0% used [0x0000000740000000,0x000000074011c0c0,0x0000000747e80000)
 Metaspace       used 7149K, capacity 7266K, committed 7552K, reserved 1056768K
  class space    used 799K, capacity 827K, committed 896K, reserved 1048576K
}
Event: 1.646 GC heap before
{Heap before GC invocations=8 (full 0):
 PSYoungGen      total 3072K, used 2752K [0x0000000795580000, 0x0000000795b80000, 0x00000007c0000000)
  eden space 2048K, 100% used [0x0000000795580000,0x0000000795780000,0x0000000795780000)
  from space 1024K, 68% used [0x0000000795780000,0x0000000795830000,0x0000000795880000)
  to   space 1024K, 0% used [0x0000000795a80000,0x0000000795a80000,0x0000000795b80000)
 ParOldGen       total 129536K, used 1136K [0x0000000740000000, 0x0000000747e80000, 0x0000000795580000)
  object space 129536K, 0% used [0x0000000740000000,0x000000074011c0c0,0x0000000747e80000)
 Metaspace       used 7159K, capacity 7266K, committed 7552K, reserved 1056768K
  class space    used 799K, capacity 827K, committed 896K, reserved 1048576K
Event: 1.650 GC heap after
Heap after GC invocations=8 (full 0):
 PSYoungGen      total 5120K, used 576K [0x0000000795580000, 0x0000000795b80000, 0x00000007c0000000)
  eden space 4096K, 0% used [0x0000000795580000,0x0000000795580000,0x0000000795980000)
  from space 1024K, 56% used [0x0000000795a80000,0x0000000795b10000,0x0000000795b80000)
  to   space 1024K, 0% used [0x0000000795980000,0x0000000795980000,0x0000000795a80000)
 ParOldGen       total 129536K, used 1313K [0x0000000740000000, 0x0000000747e80000, 0x0000000795580000)
  object space 129536K, 1% used [0x0000000740000000,0x0000000740148428,0x0000000747e80000)
 Metaspace       used 7159K, capacity 7266K, committed 7552K, reserved 1056768K
  class space    used 799K, capacity 827K, committed 896K, reserved 1048576K
}
Event: 96.596 GC heap before
{Heap before GC invocations=9 (full 0):
 PSYoungGen      total 5120K, used 4672K [0x0000000795580000, 0x0000000795b80000, 0x00000007c0000000)
  eden space 4096K, 100% used [0x0000000795580000,0x0000000795980000,0x0000000795980000)
  from space 1024K, 56% used [0x0000000795a80000,0x0000000795b10000,0x0000000795b80000)
  to   space 1024K, 0% used [0x0000000795980000,0x0000000795980000,0x0000000795a80000)
 ParOldGen       total 129536K, used 1313K [0x0000000740000000, 0x0000000747e80000, 0x0000000795580000)
  object space 129536K, 1% used [0x0000000740000000,0x0000000740148428,0x0000000747e80000)
 Metaspace       used 7298K, capacity 7440K, committed 7552K, reserved 1056768K
  class space    used 816K, capacity 862K, committed 896K, reserved 1048576K
Event: 96.602 GC heap after
Heap after GC invocations=9 (full 0):
 PSYoungGen      total 5120K, used 448K [0x0000000795580000, 0x0000000795e00000, 0x00000007c0000000)
  eden space 4096K, 0% used [0x0000000795580000,0x0000000795580000,0x0000000795980000)
  from space 1024K, 43% used [0x0000000795980000,0x00000007959f0000,0x0000000795a80000)
  to   space 1024K, 0% used [0x0000000795d00000,0x0000000795d00000,0x0000000795e00000)
 ParOldGen       total 129536K, used 1565K [0x0000000740000000, 0x0000000747e80000, 0x0000000795580000)
  object space 129536K, 1% used [0x0000000740000000,0x0000000740187438,0x0000000747e80000)
 Metaspace       used 7298K, capacity 7440K, committed 7552K, reserved 1056768K
  class space    used 816K, capacity 862K, committed 896K, reserved 1048576K
}

