# JRE version: Java(TM) SE Runtime Environment (8.0-b132) (build 1.8.0-b132)
# Java VM: Java HotSpot(TM) 64-Bit Server VM (25.0-b70 mixed mode bsd-amd64 compressed oops)
Heap:
 PSYoungGen      total 8704K, used 2184K [0x0000000795580000, 0x0000000796480000, 0x00000007c0000000)
  eden space 8192K, 23% used [0x0000000795580000,0x000000079575a130,0x0000000795d80000)
  from space 512K, 56% used [0x0000000796400000,0x0000000796448000,0x0000000796480000)
  to   space 1536K, 0% used [0x0000000796180000,0x0000000796180000,0x0000000796300000)
 ParOldGen       total 129536K, used 2216K [0x0000000740000000, 0x0000000747e80000, 0x0000000795580000)
  object space 129536K, 1% used [0x0000000740000000,0x000000074022a110,0x0000000747e80000)
 Metaspace       used 7518K, capacity 7702K, committed 7808K, reserved 1056768K
  class space    used 828K, capacity 873K, committed 896K, reserved 1048576K
GC Heap History (10 events):
Event: 2.374 GC heap before
{Heap before GC invocations=6 (full 0):
 PSYoungGen      total 2560K, used 2544K [0x0000000795580000, 0x0000000795c80000, 0x00000007c0000000)
  eden space 2048K, 100% used [0x0000000795580000,0x0000000795780000,0x0000000795780000)
  from space 512K, 96% used [0x0000000795780000,0x00000007957fc010,0x0000000795800000)
  to   space 1536K, 0% used [0x0000000795b00000,0x0000000795b00000,0x0000000795c80000)
 ParOldGen       total 129536K, used 1492K [0x0000000740000000, 0x0000000747e80000, 0x0000000795580000)
  object space 129536K, 1% used [0x0000000740000000,0x0000000740175060,0x0000000747e80000)
 Metaspace       used 7129K, capacity 7266K, committed 7552K, reserved 1056768K
  class space    used 798K, capacity 827K, committed 896K, reserved 1048576K
Event: 2.378 GC heap after
Heap after GC invocations=6 (full 0):
 PSYoungGen      total 5632K, used 736K [0x0000000795580000, 0x0000000795c80000, 0x00000007c0000000)
  eden space 4096K, 0% used [0x0000000795580000,0x0000000795580000,0x0000000795980000)
  from space 1536K, 47% used [0x0000000795b00000,0x0000000795bb8020,0x0000000795c80000)
  to   space 1536K, 0% used [0x0000000795980000,0x0000000795980000,0x0000000795b00000)
 ParOldGen       total 129536K, used 1492K [0x0000000740000000, 0x0000000747e80000, 0x0000000795580000)
  object space 129536K, 1% used [0x0000000740000000,0x0000000740175060,0x0000000747e80000)
 Metaspace       used 7129K, capacity 7266K, committed 7552K, reserved 1056768K
  class space    used 798K, capacity 827K, committed 896K, reserved 1048576K
}
Event: 8.930 GC heap before
{Heap before GC invocations=7 (full 0):
 PSYoungGen      total 5632K, used 4832K [0x0000000795580000, 0x0000000795c80000, 0x00000007c0000000)
  eden space 4096K, 100% used [0x0000000795580000,0x0000000795980000,0x0000000795980000)
  from space 1536K, 47% used [0x0000000795b00000,0x0000000795bb8020,0x0000000795c80000)
  to   space 1536K, 0% used [0x0000000795980000,0x0000000795980000,0x0000000795b00000)
 ParOldGen       total 129536K, used 1492K [0x0000000740000000, 0x0000000747e80000, 0x0000000795580000)
  object space 129536K, 1% used [0x0000000740000000,0x0000000740175060,0x0000000747e80000)
 Metaspace       used 7245K, capacity 7368K, committed 7552K, reserved 1056768K
  class space    used 811K, capacity 860K, committed 896K, reserved 1048576K
Event: 8.934 GC heap after
Heap after GC invocations=7 (full 0):
 PSYoungGen      total 5632K, used 752K [0x0000000795580000, 0x0000000796080000, 0x00000007c0000000)
  eden space 4096K, 0% used [0x0000000795580000,0x0000000795580000,0x0000000795980000)
  from space 1536K, 48% used [0x0000000795980000,0x0000000795a3c010,0x0000000795b00000)
  to   space 1536K, 0% used [0x0000000795f00000,0x0000000795f00000,0x0000000796080000)
 ParOldGen       total 129536K, used 1676K [0x0000000740000000, 0x0000000747e80000, 0x0000000795580000)
  object space 129536K, 1% used [0x0000000740000000,0x00000007401a30b0,0x0000000747e80000)
 Metaspace       used 7245K, capacity 7368K, committed 7552K, reserved 1056768K
  class space    used 811K, capacity 860K, committed 896K, reserved 1048576K
}
Event: 19.727 GC heap before
{Heap before GC invocations=8 (full 0):
 PSYoungGen      total 5632K, used 4848K [0x0000000795580000, 0x0000000796080000, 0x00000007c0000000)
  eden space 4096K, 100% used [0x0000000795580000,0x0000000795980000,0x0000000795980000)
  from space 1536K, 48% used [0x0000000795980000,0x0000000795a3c010,0x0000000795b00000)
  to   space 1536K, 0% used [0x0000000795f00000,0x0000000795f00000,0x0000000796080000)
 ParOldGen       total 129536K, used 1676K [0x0000000740000000, 0x0000000747e80000, 0x0000000795580000)
  object space 129536K, 1% used [0x0000000740000000,0x00000007401a30b0,0x0000000747e80000)
 Metaspace       used 7349K, capacity 7502K, committed 7552K, reserved 1056768K
  class space    used 819K, capacity 861K, committed 896K, reserved 1048576K
Event: 19.729 GC heap after
Heap after GC invocations=8 (full 0):
 PSYoungGen      total 9728K, used 512K [0x0000000795580000, 0x0000000796080000, 0x00000007c0000000)
  eden space 8192K, 0% used [0x0000000795580000,0x0000000795580000,0x0000000795d80000)
  from space 1536K, 33% used [0x0000000795f00000,0x0000000795f80000,0x0000000796080000)
  to   space 1536K, 0% used [0x0000000795d80000,0x0000000795d80000,0x0000000795f00000)
 ParOldGen       total 129536K, used 1884K [0x0000000740000000, 0x0000000747e80000, 0x0000000795580000)
  object space 129536K, 1% used [0x0000000740000000,0x00000007401d70e0,0x0000000747e80000)
 Metaspace       used 7349K, capacity 7502K, committed 7552K, reserved 1056768K
  class space    used 819K, capacity 861K, committed 896K, reserved 1048576K
}
Event: 140.322 GC heap before
{Heap before GC invocations=9 (full 0):
 PSYoungGen      total 9728K, used 8704K [0x0000000795580000, 0x0000000796080000, 0x00000007c0000000)
  eden space 8192K, 100% used [0x0000000795580000,0x0000000795d80000,0x0000000795d80000)
  from space 1536K, 33% used [0x0000000795f00000,0x0000000795f80000,0x0000000796080000)
  to   space 1536K, 0% used [0x0000000795d80000,0x0000000795d80000,0x0000000795f00000)
 ParOldGen       total 129536K, used 1884K [0x0000000740000000, 0x0000000747e80000, 0x0000000795580000)
  object space 129536K, 1% used [0x0000000740000000,0x00000007401d70e0,0x0000000747e80000)
 Metaspace       used 7446K, capacity 7672K, committed 7808K, reserved 1056768K
  class space    used 824K, capacity 868K, committed 896K, reserved 1048576K
Event: 140.326 GC heap after
Heap after GC invocations=9 (full 0):
 PSYoungGen      total 9728K, used 320K [0x0000000795580000, 0x0000000796580000, 0x00000007c0000000)
  eden space 8192K, 0% used [0x0000000795580000,0x0000000795580000,0x0000000795d80000)
  from space 1536K, 20% used [0x0000000795d80000,0x0000000795dd0000,0x0000000795f00000)
  to   space 1536K, 0% used [0x0000000796400000,0x0000000796400000,0x0000000796580000)
 ParOldGen       total 129536K, used 2172K [0x0000000740000000, 0x0000000747e80000, 0x0000000795580000)
  object space 129536K, 1% used [0x0000000740000000,0x000000074021f0e0,0x0000000747e80000)
 Metaspace       used 7446K, capacity 7672K, committed 7808K, reserved 1056768K
  class space    used 824K, capacity 868K, committed 896K, reserved 1048576K
}
Event: 359.162 GC heap before
{Heap before GC invocations=10 (full 0):
 PSYoungGen      total 9728K, used 8512K [0x0000000795580000, 0x0000000796580000, 0x00000007c0000000)
  eden space 8192K, 100% used [0x0000000795580000,0x0000000795d80000,0x0000000795d80000)
  from space 1536K, 20% used [0x0000000795d80000,0x0000000795dd0000,0x0000000795f00000)
  to   space 1536K, 0% used [0x0000000796400000,0x0000000796400000,0x0000000796580000)
 ParOldGen       total 129536K, used 2172K [0x0000000740000000, 0x0000000747e80000, 0x0000000795580000)
  object space 129536K, 1% used [0x0000000740000000,0x000000074021f0e0,0x0000000747e80000)
 Metaspace       used 7489K, capacity 7690K, committed 7808K, reserved 1056768K
  class space    used 826K, capacity 871K, committed 896K, reserved 1048576K
Event: 359.164 GC heap after
Heap after GC invocations=10 (full 0):
 PSYoungGen      total 8704K, used 288K [0x0000000795580000, 0x0000000796480000, 0x00000007c0000000)
  eden space 8192K, 0% used [0x0000000795580000,0x0000000795580000,0x0000000795d80000)
  from space 512K, 56% used [0x0000000796400000,0x0000000796448000,0x0000000796480000)
  to   space 1536K, 0% used [0x0000000796180000,0x0000000796180000,0x0000000796300000)
 ParOldGen       total 129536K, used 2216K [0x0000000740000000, 0x0000000747e80000, 0x0000000795580000)
  object space 129536K, 1% used [0x0000000740000000,0x000000074022a110,0x0000000747e80000)
 Metaspace       used 7489K, capacity 7690K, committed 7808K, reserved 1056768K
  class space    used 826K, capacity 871K, committed 896K, reserved 1048576K
}

