# JRE version: Java(TM) SE Runtime Environment (8.0-b132) (build 1.8.0-b132)
# Java VM: Java HotSpot(TM) 64-Bit Server VM (25.0-b70 mixed mode bsd-amd64 compressed oops)
Heap:
 PSYoungGen      total 9728K, used 1597K [0x0000000795580000, 0x0000000796580000, 0x00000007c0000000)
  eden space 8192K, 15% used [0x0000000795580000,0x00000007956bf798,0x0000000795d80000)
  from space 1536K, 20% used [0x0000000795d80000,0x0000000795dd0000,0x0000000795f00000)
  to   space 1536K, 0% used [0x0000000796400000,0x0000000796400000,0x0000000796580000)
 ParOldGen       total 129536K, used 2044K [0x0000000740000000, 0x0000000747e80000, 0x0000000795580000)
  object space 129536K, 1% used [0x0000000740000000,0x00000007401ff0d0,0x0000000747e80000)
 Metaspace       used 7504K, capacity 7682K, committed 7808K, reserved 1056768K
  class space    used 826K, capacity 873K, committed 896K, reserved 1048576K
GC Heap History (10 events):
Event: 7.662 GC heap before
{Heap before GC invocations=5 (full 0):
 PSYoungGen      total 2560K, used 2528K [0x0000000795580000, 0x0000000795880000, 0x00000007c0000000)
  eden space 2048K, 100% used [0x0000000795580000,0x0000000795780000,0x0000000795780000)
  from space 512K, 93% used [0x0000000795800000,0x0000000795878020,0x0000000795880000)
  to   space 512K, 0% used [0x0000000795780000,0x0000000795780000,0x0000000795800000)
 ParOldGen       total 129536K, used 884K [0x0000000740000000, 0x0000000747e80000, 0x0000000795580000)
  object space 129536K, 0% used [0x0000000740000000,0x00000007400dd030,0x0000000747e80000)
 Metaspace       used 5865K, capacity 6056K, committed 6144K, reserved 1056768K
  class space    used 654K, capacity 700K, committed 768K, reserved 1048576K
Event: 7.665 GC heap after
Heap after GC invocations=5 (full 0):
 PSYoungGen      total 2560K, used 496K [0x0000000795580000, 0x0000000795c80000, 0x00000007c0000000)
  eden space 2048K, 0% used [0x0000000795580000,0x0000000795580000,0x0000000795780000)
  from space 512K, 96% used [0x0000000795780000,0x00000007957fc010,0x0000000795800000)
  to   space 1536K, 0% used [0x0000000795b00000,0x0000000795b00000,0x0000000795c80000)
 ParOldGen       total 129536K, used 1348K [0x0000000740000000, 0x0000000747e80000, 0x0000000795580000)
  object space 129536K, 1% used [0x0000000740000000,0x0000000740151050,0x0000000747e80000)
 Metaspace       used 5865K, capacity 6056K, committed 6144K, reserved 1056768K
  class space    used 654K, capacity 700K, committed 768K, reserved 1048576K
}
Event: 7.745 GC heap before
{Heap before GC invocations=6 (full 0):
 PSYoungGen      total 2560K, used 2544K [0x0000000795580000, 0x0000000795c80000, 0x00000007c0000000)
  eden space 2048K, 100% used [0x0000000795580000,0x0000000795780000,0x0000000795780000)
  from space 512K, 96% used [0x0000000795780000,0x00000007957fc010,0x0000000795800000)
  to   space 1536K, 0% used [0x0000000795b00000,0x0000000795b00000,0x0000000795c80000)
 ParOldGen       total 129536K, used 1348K [0x0000000740000000, 0x0000000747e80000, 0x0000000795580000)
  object space 129536K, 1% used [0x0000000740000000,0x0000000740151050,0x0000000747e80000)
 Metaspace       used 7152K, capacity 7272K, committed 7552K, reserved 1056768K
  class space    used 799K, capacity 828K, committed 896K, reserved 1048576K
Event: 7.748 GC heap after
Heap after GC invocations=6 (full 0):
 PSYoungGen      total 5632K, used 768K [0x0000000795580000, 0x0000000795c80000, 0x00000007c0000000)
  eden space 4096K, 0% used [0x0000000795580000,0x0000000795580000,0x0000000795980000)
  from space 1536K, 50% used [0x0000000795b00000,0x0000000795bc0020,0x0000000795c80000)
  to   space 1536K, 0% used [0x0000000795980000,0x0000000795980000,0x0000000795b00000)
 ParOldGen       total 129536K, used 1348K [0x0000000740000000, 0x0000000747e80000, 0x0000000795580000)
  object space 129536K, 1% used [0x0000000740000000,0x0000000740151050,0x0000000747e80000)
 Metaspace       used 7152K, capacity 7272K, committed 7552K, reserved 1056768K
  class space    used 799K, capacity 828K, committed 896K, reserved 1048576K
}
Event: 10.653 GC heap before
{Heap before GC invocations=7 (full 0):
 PSYoungGen      total 5632K, used 4864K [0x0000000795580000, 0x0000000795c80000, 0x00000007c0000000)
  eden space 4096K, 100% used [0x0000000795580000,0x0000000795980000,0x0000000795980000)
  from space 1536K, 50% used [0x0000000795b00000,0x0000000795bc0020,0x0000000795c80000)
  to   space 1536K, 0% used [0x0000000795980000,0x0000000795980000,0x0000000795b00000)
 ParOldGen       total 129536K, used 1348K [0x0000000740000000, 0x0000000747e80000, 0x0000000795580000)
  object space 129536K, 1% used [0x0000000740000000,0x0000000740151050,0x0000000747e80000)
 Metaspace       used 7258K, capacity 7376K, committed 7552K, reserved 1056768K
  class space    used 809K, capacity 838K, committed 896K, reserved 1048576K
Event: 10.657 GC heap after
Heap after GC invocations=7 (full 0):
 PSYoungGen      total 5632K, used 1200K [0x0000000795580000, 0x0000000796080000, 0x00000007c0000000)
  eden space 4096K, 0% used [0x0000000795580000,0x0000000795580000,0x0000000795980000)
  from space 1536K, 78% used [0x0000000795980000,0x0000000795aac040,0x0000000795b00000)
  to   space 1536K, 0% used [0x0000000795f00000,0x0000000795f00000,0x0000000796080000)
 ParOldGen       total 129536K, used 1516K [0x0000000740000000, 0x0000000747e80000, 0x0000000795580000)
  object space 129536K, 1% used [0x0000000740000000,0x000000074017b0a0,0x0000000747e80000)
 Metaspace       used 7258K, capacity 7376K, committed 7552K, reserved 1056768K
  class space    used 809K, capacity 838K, committed 896K, reserved 1048576K
}
Event: 38.269 GC heap before
{Heap before GC invocations=8 (full 0):
 PSYoungGen      total 5632K, used 5296K [0x0000000795580000, 0x0000000796080000, 0x00000007c0000000)
  eden space 4096K, 100% used [0x0000000795580000,0x0000000795980000,0x0000000795980000)
  from space 1536K, 78% used [0x0000000795980000,0x0000000795aac040,0x0000000795b00000)
  to   space 1536K, 0% used [0x0000000795f00000,0x0000000795f00000,0x0000000796080000)
 ParOldGen       total 129536K, used 1516K [0x0000000740000000, 0x0000000747e80000, 0x0000000795580000)
  object space 129536K, 1% used [0x0000000740000000,0x000000074017b0a0,0x0000000747e80000)
 Metaspace       used 7410K, capacity 7606K, committed 7808K, reserved 1056768K
  class space    used 823K, capacity 871K, committed 896K, reserved 1048576K
Event: 38.271 GC heap after
Heap after GC invocations=8 (full 0):
 PSYoungGen      total 9728K, used 1056K [0x0000000795580000, 0x0000000796080000, 0x00000007c0000000)
  eden space 8192K, 0% used [0x0000000795580000,0x0000000795580000,0x0000000795d80000)
  from space 1536K, 68% used [0x0000000795f00000,0x0000000796008030,0x0000000796080000)
  to   space 1536K, 0% used [0x0000000795d80000,0x0000000795d80000,0x0000000795f00000)
 ParOldGen       total 129536K, used 1684K [0x0000000740000000, 0x0000000747e80000, 0x0000000795580000)
  object space 129536K, 1% used [0x0000000740000000,0x00000007401a50d0,0x0000000747e80000)
 Metaspace       used 7410K, capacity 7606K, committed 7808K, reserved 1056768K
  class space    used 823K, capacity 871K, committed 896K, reserved 1048576K
}
Event: 39.787 GC heap before
{Heap before GC invocations=9 (full 0):
 PSYoungGen      total 9728K, used 9248K [0x0000000795580000, 0x0000000796080000, 0x00000007c0000000)
  eden space 8192K, 100% used [0x0000000795580000,0x0000000795d80000,0x0000000795d80000)
  from space 1536K, 68% used [0x0000000795f00000,0x0000000796008030,0x0000000796080000)
  to   space 1536K, 0% used [0x0000000795d80000,0x0000000795d80000,0x0000000795f00000)
 ParOldGen       total 129536K, used 1684K [0x0000000740000000, 0x0000000747e80000, 0x0000000795580000)
  object space 129536K, 1% used [0x0000000740000000,0x00000007401a50d0,0x0000000747e80000)
 Metaspace       used 7461K, capacity 7682K, committed 7808K, reserved 1056768K
  class space    used 824K, capacity 873K, committed 896K, reserved 1048576K
Event: 39.789 GC heap after
Heap after GC invocations=9 (full 0):
 PSYoungGen      total 9728K, used 320K [0x0000000795580000, 0x0000000796580000, 0x00000007c0000000)
  eden space 8192K, 0% used [0x0000000795580000,0x0000000795580000,0x0000000795d80000)
  from space 1536K, 20% used [0x0000000795d80000,0x0000000795dd0000,0x0000000795f00000)
  to   space 1536K, 0% used [0x0000000796400000,0x0000000796400000,0x0000000796580000)
 ParOldGen       total 129536K, used 2044K [0x0000000740000000, 0x0000000747e80000, 0x0000000795580000)
  object space 129536K, 1% used [0x0000000740000000,0x00000007401ff0d0,0x0000000747e80000)
 Metaspace       used 7461K, capacity 7682K, committed 7808K, reserved 1056768K
  class space    used 824K, capacity 873K, committed 896K, reserved 1048576K
}

