# JRE version: Java(TM) SE Runtime Environment (8.0-b132) (build 1.8.0-b132)
# Java VM: Java HotSpot(TM) 64-Bit Server VM (25.0-b70 mixed mode bsd-amd64 compressed oops)
Heap:
 PSYoungGen      total 9728K, used 6283K [0x0000000795580000, 0x0000000796080000, 0x00000007c0000000)
  eden space 8192K, 65% used [0x0000000795580000,0x0000000795ac2f38,0x0000000795d80000)
  from space 1536K, 58% used [0x0000000795f00000,0x0000000795fe0020,0x0000000796080000)
  to   space 1536K, 0% used [0x0000000795d80000,0x0000000795d80000,0x0000000795f00000)
 ParOldGen       total 129536K, used 1817K [0x0000000740000000, 0x0000000747e80000, 0x0000000795580000)
  object space 129536K, 1% used [0x0000000740000000,0x00000007401c6448,0x0000000747e80000)
 Metaspace       used 7462K, capacity 7690K, committed 7936K, reserved 1056768K
  class space    used 820K, capacity 901K, committed 1024K, reserved 1048576K
GC Heap History (10 events):
Event: 0.990 GC heap before
{Heap before GC invocations=4 (full 0):
 PSYoungGen      total 1536K, used 1520K [0x0000000795580000, 0x0000000795880000, 0x00000007c0000000)
  eden space 1024K, 100% used [0x0000000795580000,0x0000000795680000,0x0000000795680000)
  from space 512K, 96% used [0x0000000795680000,0x00000007956fc010,0x0000000795700000)
  to   space 512K, 0% used [0x0000000795800000,0x0000000795800000,0x0000000795880000)
 ParOldGen       total 129536K, used 420K [0x0000000740000000, 0x0000000747e80000, 0x0000000795580000)
  object space 129536K, 0% used [0x0000000740000000,0x0000000740069010,0x0000000747e80000)
 Metaspace       used 5087K, capacity 5166K, committed 5248K, reserved 1056768K
  class space    used 556K, capacity 581K, committed 640K, reserved 1048576K
Event: 0.992 GC heap after
Heap after GC invocations=4 (full 0):
 PSYoungGen      total 2560K, used 480K [0x0000000795580000, 0x0000000795880000, 0x00000007c0000000)
  eden space 2048K, 0% used [0x0000000795580000,0x0000000795580000,0x0000000795780000)
  from space 512K, 93% used [0x0000000795800000,0x0000000795878020,0x0000000795880000)
  to   space 512K, 0% used [0x0000000795780000,0x0000000795780000,0x0000000795800000)
 ParOldGen       total 129536K, used 852K [0x0000000740000000, 0x0000000747e80000, 0x0000000795580000)
  object space 129536K, 0% used [0x0000000740000000,0x00000007400d5388,0x0000000747e80000)
 Metaspace       used 5087K, capacity 5166K, committed 5248K, reserved 1056768K
  class space    used 556K, capacity 581K, committed 640K, reserved 1048576K
}
Event: 1.199 GC heap before
{Heap before GC invocations=5 (full 0):
 PSYoungGen      total 2560K, used 2528K [0x0000000795580000, 0x0000000795880000, 0x00000007c0000000)
  eden space 2048K, 100% used [0x0000000795580000,0x0000000795780000,0x0000000795780000)
  from space 512K, 93% used [0x0000000795800000,0x0000000795878020,0x0000000795880000)
  to   space 512K, 0% used [0x0000000795780000,0x0000000795780000,0x0000000795800000)
 ParOldGen       total 129536K, used 852K [0x0000000740000000, 0x0000000747e80000, 0x0000000795580000)
  object space 129536K, 0% used [0x0000000740000000,0x00000007400d5388,0x0000000747e80000)
 Metaspace       used 5861K, capacity 6056K, committed 6144K, reserved 1056768K
  class space    used 654K, capacity 700K, committed 768K, reserved 1048576K
Event: 1.202 GC heap after
Heap after GC invocations=5 (full 0):
 PSYoungGen      total 2560K, used 480K [0x0000000795580000, 0x0000000795c80000, 0x00000007c0000000)
  eden space 2048K, 0% used [0x0000000795580000,0x0000000795580000,0x0000000795780000)
  from space 512K, 93% used [0x0000000795780000,0x00000007957f8020,0x0000000795800000)
  to   space 1536K, 0% used [0x0000000795b00000,0x0000000795b00000,0x0000000795c80000)
 ParOldGen       total 129536K, used 1504K [0x0000000740000000, 0x0000000747e80000, 0x0000000795580000)
  object space 129536K, 1% used [0x0000000740000000,0x00000007401783c8,0x0000000747e80000)
 Metaspace       used 5861K, capacity 6056K, committed 6144K, reserved 1056768K
  class space    used 654K, capacity 700K, committed 768K, reserved 1048576K
}
Event: 1.293 GC heap before
{Heap before GC invocations=6 (full 0):
 PSYoungGen      total 2560K, used 2528K [0x0000000795580000, 0x0000000795c80000, 0x00000007c0000000)
  eden space 2048K, 100% used [0x0000000795580000,0x0000000795780000,0x0000000795780000)
  from space 512K, 93% used [0x0000000795780000,0x00000007957f8020,0x0000000795800000)
  to   space 1536K, 0% used [0x0000000795b00000,0x0000000795b00000,0x0000000795c80000)
 ParOldGen       total 129536K, used 1504K [0x0000000740000000, 0x0000000747e80000, 0x0000000795580000)
  object space 129536K, 1% used [0x0000000740000000,0x00000007401783c8,0x0000000747e80000)
 Metaspace       used 7148K, capacity 7272K, committed 7552K, reserved 1056768K
  class space    used 799K, capacity 828K, committed 896K, reserved 1048576K
Event: 1.297 GC heap after
Heap after GC invocations=6 (full 0):
 PSYoungGen      total 5632K, used 736K [0x0000000795580000, 0x0000000795c80000, 0x00000007c0000000)
  eden space 4096K, 0% used [0x0000000795580000,0x0000000795580000,0x0000000795980000)
  from space 1536K, 47% used [0x0000000795b00000,0x0000000795bb8020,0x0000000795c80000)
  to   space 1536K, 0% used [0x0000000795980000,0x0000000795980000,0x0000000795b00000)
 ParOldGen       total 129536K, used 1512K [0x0000000740000000, 0x0000000747e80000, 0x0000000795580000)
  object space 129536K, 1% used [0x0000000740000000,0x000000074017a3c8,0x0000000747e80000)
 Metaspace       used 7148K, capacity 7272K, committed 7552K, reserved 1056768K
  class space    used 799K, capacity 828K, committed 896K, reserved 1048576K
}
Event: 10.725 GC heap before
{Heap before GC invocations=7 (full 0):
 PSYoungGen      total 5632K, used 4832K [0x0000000795580000, 0x0000000795c80000, 0x00000007c0000000)
  eden space 4096K, 100% used [0x0000000795580000,0x0000000795980000,0x0000000795980000)
  from space 1536K, 47% used [0x0000000795b00000,0x0000000795bb8020,0x0000000795c80000)
  to   space 1536K, 0% used [0x0000000795980000,0x0000000795980000,0x0000000795b00000)
 ParOldGen       total 129536K, used 1512K [0x0000000740000000, 0x0000000747e80000, 0x0000000795580000)
  object space 129536K, 1% used [0x0000000740000000,0x000000074017a3c8,0x0000000747e80000)
 Metaspace       used 7269K, capacity 7370K, committed 7552K, reserved 1056768K
  class space    used 813K, capacity 837K, committed 896K, reserved 1048576K
Event: 10.729 GC heap after
Heap after GC invocations=7 (full 0):
 PSYoungGen      total 5632K, used 1024K [0x0000000795580000, 0x0000000796080000, 0x00000007c0000000)
  eden space 4096K, 0% used [0x0000000795580000,0x0000000795580000,0x0000000795980000)
  from space 1536K, 66% used [0x0000000795980000,0x0000000795a80020,0x0000000795b00000)
  to   space 1536K, 0% used [0x0000000795f00000,0x0000000795f00000,0x0000000796080000)
 ParOldGen       total 129536K, used 1681K [0x0000000740000000, 0x0000000747e80000, 0x0000000795580000)
  object space 129536K, 1% used [0x0000000740000000,0x00000007401a4418,0x0000000747e80000)
 Metaspace       used 7269K, capacity 7370K, committed 7552K, reserved 1056768K
  class space    used 813K, capacity 837K, committed 896K, reserved 1048576K
}
Event: 12.769 GC heap before
{Heap before GC invocations=8 (full 0):
 PSYoungGen      total 5632K, used 5120K [0x0000000795580000, 0x0000000796080000, 0x00000007c0000000)
  eden space 4096K, 100% used [0x0000000795580000,0x0000000795980000,0x0000000795980000)
  from space 1536K, 66% used [0x0000000795980000,0x0000000795a80020,0x0000000795b00000)
  to   space 1536K, 0% used [0x0000000795f00000,0x0000000795f00000,0x0000000796080000)
 ParOldGen       total 129536K, used 1681K [0x0000000740000000, 0x0000000747e80000, 0x0000000795580000)
  object space 129536K, 1% used [0x0000000740000000,0x00000007401a4418,0x0000000747e80000)
 Metaspace       used 7310K, capacity 7498K, committed 7808K, reserved 1056768K
  class space    used 813K, capacity 837K, committed 896K, reserved 1048576K
Event: 12.772 GC heap after
Heap after GC invocations=8 (full 0):
 PSYoungGen      total 9728K, used 896K [0x0000000795580000, 0x0000000796080000, 0x00000007c0000000)
  eden space 8192K, 0% used [0x0000000795580000,0x0000000795580000,0x0000000795d80000)
  from space 1536K, 58% used [0x0000000795f00000,0x0000000795fe0020,0x0000000796080000)
  to   space 1536K, 0% used [0x0000000795d80000,0x0000000795d80000,0x0000000795f00000)
 ParOldGen       total 129536K, used 1817K [0x0000000740000000, 0x0000000747e80000, 0x0000000795580000)
  object space 129536K, 1% used [0x0000000740000000,0x00000007401c6448,0x0000000747e80000)
 Metaspace       used 7310K, capacity 7498K, committed 7808K, reserved 1056768K
  class space    used 813K, capacity 837K, committed 896K, reserved 1048576K
}

