# JRE version: Java(TM) SE Runtime Environment (8.0-b132) (build 1.8.0-b132)
# Java VM: Java HotSpot(TM) 64-Bit Server VM (25.0-b70 mixed mode bsd-amd64 compressed oops)
Heap:
 PSYoungGen      total 9728K, used 714K [0x0000000795580000, 0x0000000796580000, 0x00000007c0000000)
  eden space 8192K, 4% used [0x0000000795580000,0x00000007955d2ac0,0x0000000795d80000)
  from space 1536K, 25% used [0x0000000795d80000,0x0000000795de0000,0x0000000795f00000)
  to   space 1536K, 0% used [0x0000000796400000,0x0000000796400000,0x0000000796580000)
 ParOldGen       total 129536K, used 2021K [0x0000000740000000, 0x0000000747e80000, 0x0000000795580000)
  object space 129536K, 1% used [0x0000000740000000,0x00000007401f9428,0x0000000747e80000)
 Metaspace       used 7470K, capacity 7672K, committed 7808K, reserved 1056768K
  class space    used 825K, capacity 868K, committed 896K, reserved 1048576K
GC Heap History (10 events):
Event: 1.715 GC heap before
{Heap before GC invocations=5 (full 0):
 PSYoungGen      total 2560K, used 2560K [0x0000000795580000, 0x0000000795880000, 0x00000007c0000000)
  eden space 2048K, 100% used [0x0000000795580000,0x0000000795780000,0x0000000795780000)
  from space 512K, 100% used [0x0000000795800000,0x0000000795880000,0x0000000795880000)
  to   space 512K, 0% used [0x0000000795780000,0x0000000795780000,0x0000000795800000)
 ParOldGen       total 129536K, used 844K [0x0000000740000000, 0x0000000747e80000, 0x0000000795580000)
  object space 129536K, 0% used [0x0000000740000000,0x00000007400d3030,0x0000000747e80000)
 Metaspace       used 5846K, capacity 5978K, committed 6144K, reserved 1056768K
  class space    used 651K, capacity 697K, committed 768K, reserved 1048576K
Event: 1.719 GC heap after
Heap after GC invocations=5 (full 0):
 PSYoungGen      total 2560K, used 512K [0x0000000795580000, 0x0000000795c80000, 0x00000007c0000000)
  eden space 2048K, 0% used [0x0000000795580000,0x0000000795580000,0x0000000795780000)
  from space 512K, 100% used [0x0000000795780000,0x0000000795800000,0x0000000795800000)
  to   space 1536K, 0% used [0x0000000795b00000,0x0000000795b00000,0x0000000795c80000)
 ParOldGen       total 129536K, used 1328K [0x0000000740000000, 0x0000000747e80000, 0x0000000795580000)
  object space 129536K, 1% used [0x0000000740000000,0x000000074014c398,0x0000000747e80000)
 Metaspace       used 5846K, capacity 5978K, committed 6144K, reserved 1056768K
  class space    used 651K, capacity 697K, committed 768K, reserved 1048576K
}
Event: 1.804 GC heap before
{Heap before GC invocations=6 (full 0):
 PSYoungGen      total 2560K, used 2560K [0x0000000795580000, 0x0000000795c80000, 0x00000007c0000000)
  eden space 2048K, 100% used [0x0000000795580000,0x0000000795780000,0x0000000795780000)
  from space 512K, 100% used [0x0000000795780000,0x0000000795800000,0x0000000795800000)
  to   space 1536K, 0% used [0x0000000795b00000,0x0000000795b00000,0x0000000795c80000)
 ParOldGen       total 129536K, used 1328K [0x0000000740000000, 0x0000000747e80000, 0x0000000795580000)
  object space 129536K, 1% used [0x0000000740000000,0x000000074014c398,0x0000000747e80000)
 Metaspace       used 7125K, capacity 7258K, committed 7552K, reserved 1056768K
  class space    used 796K, capacity 825K, committed 896K, reserved 1048576K
Event: 1.807 GC heap after
Heap after GC invocations=6 (full 0):
 PSYoungGen      total 5632K, used 720K [0x0000000795580000, 0x0000000795c80000, 0x00000007c0000000)
  eden space 4096K, 0% used [0x0000000795580000,0x0000000795580000,0x0000000795980000)
  from space 1536K, 46% used [0x0000000795b00000,0x0000000795bb4010,0x0000000795c80000)
  to   space 1536K, 0% used [0x0000000795980000,0x0000000795980000,0x0000000795b00000)
 ParOldGen       total 129536K, used 1328K [0x0000000740000000, 0x0000000747e80000, 0x0000000795580000)
  object space 129536K, 1% used [0x0000000740000000,0x000000074014c398,0x0000000747e80000)
 Metaspace       used 7125K, capacity 7258K, committed 7552K, reserved 1056768K
  class space    used 796K, capacity 825K, committed 896K, reserved 1048576K
}
Event: 4.199 GC heap before
{Heap before GC invocations=7 (full 0):
 PSYoungGen      total 5632K, used 4816K [0x0000000795580000, 0x0000000795c80000, 0x00000007c0000000)
  eden space 4096K, 100% used [0x0000000795580000,0x0000000795980000,0x0000000795980000)
  from space 1536K, 46% used [0x0000000795b00000,0x0000000795bb4010,0x0000000795c80000)
  to   space 1536K, 0% used [0x0000000795980000,0x0000000795980000,0x0000000795b00000)
 ParOldGen       total 129536K, used 1328K [0x0000000740000000, 0x0000000747e80000, 0x0000000795580000)
  object space 129536K, 1% used [0x0000000740000000,0x000000074014c398,0x0000000747e80000)
 Metaspace       used 7217K, capacity 7330K, committed 7552K, reserved 1056768K
  class space    used 804K, capacity 827K, committed 896K, reserved 1048576K
Event: 4.203 GC heap after
Heap after GC invocations=7 (full 0):
 PSYoungGen      total 5632K, used 768K [0x0000000795580000, 0x0000000796080000, 0x00000007c0000000)
  eden space 4096K, 0% used [0x0000000795580000,0x0000000795580000,0x0000000795980000)
  from space 1536K, 50% used [0x0000000795980000,0x0000000795a40000,0x0000000795b00000)
  to   space 1536K, 0% used [0x0000000795f00000,0x0000000795f00000,0x0000000796080000)
 ParOldGen       total 129536K, used 1512K [0x0000000740000000, 0x0000000747e80000, 0x0000000795580000)
  object space 129536K, 1% used [0x0000000740000000,0x000000074017a3e8,0x0000000747e80000)
 Metaspace       used 7217K, capacity 7330K, committed 7552K, reserved 1056768K
  class space    used 804K, capacity 827K, committed 896K, reserved 1048576K
}
Event: 38.497 GC heap before
{Heap before GC invocations=8 (full 0):
 PSYoungGen      total 5632K, used 4864K [0x0000000795580000, 0x0000000796080000, 0x00000007c0000000)
  eden space 4096K, 100% used [0x0000000795580000,0x0000000795980000,0x0000000795980000)
  from space 1536K, 50% used [0x0000000795980000,0x0000000795a40000,0x0000000795b00000)
  to   space 1536K, 0% used [0x0000000795f00000,0x0000000795f00000,0x0000000796080000)
 ParOldGen       total 129536K, used 1512K [0x0000000740000000, 0x0000000747e80000, 0x0000000795580000)
  object space 129536K, 1% used [0x0000000740000000,0x000000074017a3e8,0x0000000747e80000)
 Metaspace       used 7360K, capacity 7496K, committed 7552K, reserved 1056768K
  class space    used 818K, capacity 860K, committed 896K, reserved 1048576K
Event: 38.499 GC heap after
Heap after GC invocations=8 (full 0):
 PSYoungGen      total 9728K, used 512K [0x0000000795580000, 0x0000000796080000, 0x00000007c0000000)
  eden space 8192K, 0% used [0x0000000795580000,0x0000000795580000,0x0000000795d80000)
  from space 1536K, 33% used [0x0000000795f00000,0x0000000795f80000,0x0000000796080000)
  to   space 1536K, 0% used [0x0000000795d80000,0x0000000795d80000,0x0000000795f00000)
 ParOldGen       total 129536K, used 1705K [0x0000000740000000, 0x0000000747e80000, 0x0000000795580000)
  object space 129536K, 1% used [0x0000000740000000,0x00000007401aa418,0x0000000747e80000)
 Metaspace       used 7360K, capacity 7496K, committed 7552K, reserved 1056768K
  class space    used 818K, capacity 860K, committed 896K, reserved 1048576K
}
Event: 220.792 GC heap before
{Heap before GC invocations=9 (full 0):
 PSYoungGen      total 9728K, used 8704K [0x0000000795580000, 0x0000000796080000, 0x00000007c0000000)
  eden space 8192K, 100% used [0x0000000795580000,0x0000000795d80000,0x0000000795d80000)
  from space 1536K, 33% used [0x0000000795f00000,0x0000000795f80000,0x0000000796080000)
  to   space 1536K, 0% used [0x0000000795d80000,0x0000000795d80000,0x0000000795f00000)
 ParOldGen       total 129536K, used 1705K [0x0000000740000000, 0x0000000747e80000, 0x0000000795580000)
  object space 129536K, 1% used [0x0000000740000000,0x00000007401aa418,0x0000000747e80000)
 Metaspace       used 7462K, capacity 7660K, committed 7808K, reserved 1056768K
  class space    used 824K, capacity 866K, committed 896K, reserved 1048576K
Event: 220.794 GC heap after
Heap after GC invocations=9 (full 0):
 PSYoungGen      total 9728K, used 384K [0x0000000795580000, 0x0000000796580000, 0x00000007c0000000)
  eden space 8192K, 0% used [0x0000000795580000,0x0000000795580000,0x0000000795d80000)
  from space 1536K, 25% used [0x0000000795d80000,0x0000000795de0000,0x0000000795f00000)
  to   space 1536K, 0% used [0x0000000796400000,0x0000000796400000,0x0000000796580000)
 ParOldGen       total 129536K, used 2021K [0x0000000740000000, 0x0000000747e80000, 0x0000000795580000)
  object space 129536K, 1% used [0x0000000740000000,0x00000007401f9428,0x0000000747e80000)
 Metaspace       used 7462K, capacity 7660K, committed 7808K, reserved 1056768K
  class space    used 824K, capacity 866K, committed 896K, reserved 1048576K
}

